(t0): idle running
(t1): New task P2
(t0): Context switch (idle)<->(P2)
(t1): P2 running
(t2): P2 running
(t3): New task P4
(t2): Context switch (P2)<->(P4)
(t3): P4 running
(t4): P4 running
(t5): P4 running
(t6): Task P4 goes to sleep until (t8)
(t5): Context switch (P4)<->(P2)
(t6): P2 running
(t7): Task P2 goes to sleep until (t8)
(t6): Context switch (P2)<->(idle)
(t7): idle running
(t8): task P4 awaken
(t8): task P2 awaken
(t7): Context switch (idle)<->(P4)
(t8): P4 running
(t9): Task P4 goes to sleep until (t10)
(t8): Context switch (P4)<->(P2)
(t9): P2 running
(t9): Context switch (P2)<->(idle)
(t10): idle running
==================
P2	1	3	run
P2	3	6	wait
P2	6	7	run
P2	7	8	io
P2	8	9	wait
P2	9	10	run
P4	3	6	run
P4	6	8	io
P4	8	9	run
P4	9	10	io
